2025-06-06 23:03:43,387 - INFO - Initialized embedding model: text-embedding-ada-002
2025-06-06 23:03:43,409 - INFO - Anonymized telemetry enabled. See                     https://docs.trychroma.com/telemetry for more information.
2025-06-06 23:03:43,599 - INFO - Initialized Chroma database at chroma
2025-06-06 23:03:43,600 - INFO - Found 1 chunk CSV files to process. Starting parallel execution...
2025-06-06 23:03:43,601 - INFO - Starting processing for chunk_embeddings_臺灣銀行_2022_500_50.csv...
2025-06-06 23:03:44,360 - INFO - Successfully loaded 120 chunks from chunk_embeddings_臺灣銀行_2022_500_50.csv
2025-06-06 23:03:45,091 - INFO - Results for chunk_embeddings_臺灣銀行_2022_500_50.csv saved to data/tcfd_report_pdf_chunks_matching_result_第四層/臺灣銀行_2022_500_50_matched_chunks.csv.
2025-06-06 23:03:45,093 - INFO - Finished processing chunk_embeddings_臺灣銀行_2022_500_50.csv.
2025-06-06 23:03:45,094 - INFO - All chunk CSV processing tasks completed.
2025-06-07 20:15:42,689 - INFO - Initialized embedding model: text-embedding-ada-002
2025-06-07 20:15:42,707 - INFO - Anonymized telemetry enabled. See                     https://docs.trychroma.com/telemetry for more information.
2025-06-07 20:15:42,863 - INFO - Initialized Chroma database at chroma
2025-06-07 20:15:42,864 - INFO - Found 5 chunk CSV files to process. Starting parallel execution...
2025-06-07 20:15:42,865 - INFO - Starting processing for chunk_embeddings_上海商銀_2022_300_50.csv...
2025-06-07 20:15:42,866 - INFO - Starting processing for chunk_embeddings_中信金控_2021_300_50.csv...
2025-06-07 20:15:42,867 - INFO - Starting processing for chunk_embeddings_中信金控_2022_300_50.csv...
2025-06-07 20:15:42,867 - INFO - Starting processing for chunk_embeddings_中信銀行_2022_300_50.csv...
2025-06-07 20:15:43,221 - INFO - Successfully loaded 57 chunks from chunk_embeddings_中信金控_2021_300_50.csv
2025-06-07 20:15:44,040 - INFO - Successfully loaded 127 chunks from chunk_embeddings_上海商銀_2022_300_50.csv
2025-06-07 20:15:45,809 - INFO - Successfully loaded 177 chunks from chunk_embeddings_中信銀行_2022_300_50.csv
2025-06-07 20:15:45,930 - INFO - Successfully loaded 181 chunks from chunk_embeddings_中信金控_2022_300_50.csv
2025-06-07 20:15:47,305 - INFO - Results for chunk_embeddings_中信金控_2021_300_50.csv saved to data/tcfd_report_pdf_chunks_matching_result_第四層/中信金控_2021_300_50_matched_chunks.csv.
2025-06-07 20:15:47,305 - INFO - Starting processing for chunk_embeddings_中輸銀行_2022_300_50.csv...
2025-06-07 20:15:47,305 - INFO - Finished processing chunk_embeddings_中信金控_2021_300_50.csv.
2025-06-07 20:15:47,765 - INFO - Successfully loaded 82 chunks from chunk_embeddings_中輸銀行_2022_300_50.csv
2025-06-07 20:15:49,320 - INFO - Results for chunk_embeddings_上海商銀_2022_300_50.csv saved to data/tcfd_report_pdf_chunks_matching_result_第四層/上海商銀_2022_300_50_matched_chunks.csv.
2025-06-07 20:15:49,321 - INFO - Finished processing chunk_embeddings_上海商銀_2022_300_50.csv.
2025-06-07 20:15:49,661 - INFO - Results for chunk_embeddings_中輸銀行_2022_300_50.csv saved to data/tcfd_report_pdf_chunks_matching_result_第四層/中輸銀行_2022_300_50_matched_chunks.csv.
2025-06-07 20:15:49,662 - INFO - Finished processing chunk_embeddings_中輸銀行_2022_300_50.csv.
2025-06-07 20:15:50,107 - INFO - Results for chunk_embeddings_中信銀行_2022_300_50.csv saved to data/tcfd_report_pdf_chunks_matching_result_第四層/中信銀行_2022_300_50_matched_chunks.csv.
2025-06-07 20:15:50,109 - INFO - Finished processing chunk_embeddings_中信銀行_2022_300_50.csv.
2025-06-07 20:15:50,177 - INFO - Results for chunk_embeddings_中信金控_2022_300_50.csv saved to data/tcfd_report_pdf_chunks_matching_result_第四層/中信金控_2022_300_50_matched_chunks.csv.
2025-06-07 20:15:50,179 - INFO - Finished processing chunk_embeddings_中信金控_2022_300_50.csv.
2025-06-07 20:15:50,180 - INFO - All chunk CSV processing tasks completed.
2025-06-07 23:17:32,594 - INFO - Initialized embedding model: text-embedding-ada-002
2025-06-07 23:17:32,617 - INFO - Anonymized telemetry enabled. See                     https://docs.trychroma.com/telemetry for more information.
2025-06-07 23:17:32,937 - INFO - Initialized Chroma database at chroma
2025-06-07 23:17:32,938 - INFO - Found 1 chunk CSV files to process. Starting parallel execution...
2025-06-07 23:17:32,938 - INFO - Starting processing for chunk_embeddings_上海商銀_2022_300_50.csv...
2025-06-07 23:17:33,684 - INFO - Successfully loaded 127 chunks from chunk_embeddings_上海商銀_2022_300_50.csv
2025-06-07 23:17:34,293 - INFO - Results for chunk_embeddings_上海商銀_2022_300_50.csv saved to data/tcfd_report_pdf_chunks_matching_result_第四層/上海商銀_2022_300_50_matched_chunks.csv.
2025-06-07 23:17:34,294 - INFO - Finished processing chunk_embeddings_上海商銀_2022_300_50.csv.
2025-06-07 23:17:34,295 - INFO - All chunk CSV processing tasks completed.
2025-06-07 23:47:38,224 - INFO - Initialized embedding model: text-embedding-ada-002
2025-06-07 23:47:38,243 - INFO - Anonymized telemetry enabled. See                     https://docs.trychroma.com/telemetry for more information.
2025-06-07 23:47:38,404 - INFO - Initialized Chroma database at chroma
2025-06-07 23:47:38,405 - INFO - Found 1 chunk CSV files to process. Starting parallel execution...
2025-06-07 23:47:38,406 - INFO - Starting processing for chunk_embeddings_上海商銀_2022_300_50.csv...
2025-06-07 23:47:39,141 - INFO - Successfully loaded 127 chunks from chunk_embeddings_上海商銀_2022_300_50.csv
2025-06-07 23:47:39,741 - INFO - Results for chunk_embeddings_上海商銀_2022_300_50.csv saved to data/tcfd_report_pdf_chunks_matching_result_第四層/上海商銀_2022_300_50_matched_chunks.csv.
2025-06-07 23:47:39,742 - INFO - Finished processing chunk_embeddings_上海商銀_2022_300_50.csv.
2025-06-07 23:47:39,743 - INFO - All chunk CSV processing tasks completed.
2025-06-08 00:14:07,823 - INFO - Initialized embedding model: text-embedding-ada-002
2025-06-08 00:14:07,855 - INFO - Anonymized telemetry enabled. See                     https://docs.trychroma.com/telemetry for more information.
2025-06-08 00:14:08,073 - INFO - Initialized Chroma database at chroma
2025-06-08 00:14:08,076 - INFO - Found 15 chunk CSV files to process. Starting parallel execution...
2025-06-08 00:14:08,077 - INFO - Starting processing for chunk_embeddings_上海商銀_2022_300_50.csv...
2025-06-08 00:14:08,078 - INFO - Starting processing for chunk_embeddings_中信金控_2021_300_50.csv...
2025-06-08 00:14:08,079 - INFO - Starting processing for chunk_embeddings_中信金控_2022_300_50.csv...
2025-06-08 00:14:08,081 - INFO - Starting processing for chunk_embeddings_中信銀行_2022_300_50.csv...
2025-06-08 00:14:08,796 - INFO - Successfully loaded 57 chunks from chunk_embeddings_中信金控_2021_300_50.csv
2025-06-08 00:14:11,458 - INFO - Successfully loaded 127 chunks from chunk_embeddings_上海商銀_2022_300_50.csv
2025-06-08 00:14:12,743 - INFO - Successfully loaded 181 chunks from chunk_embeddings_中信金控_2022_300_50.csv
2025-06-08 00:14:13,284 - INFO - Successfully loaded 177 chunks from chunk_embeddings_中信銀行_2022_300_50.csv
2025-06-08 00:14:15,196 - INFO - Results for chunk_embeddings_中信金控_2021_300_50.csv saved to data/tcfd_report_pdf_chunks_matching_result_第四層/中信金控_2021_300_50_matched_chunks.csv.
2025-06-08 00:14:15,197 - INFO - Starting processing for chunk_embeddings_中輸銀行_2022_300_50.csv...
2025-06-08 00:14:15,198 - INFO - Finished processing chunk_embeddings_中信金控_2021_300_50.csv.
2025-06-08 00:14:15,983 - INFO - Successfully loaded 82 chunks from chunk_embeddings_中輸銀行_2022_300_50.csv
2025-06-08 00:14:18,797 - INFO - Results for chunk_embeddings_上海商銀_2022_300_50.csv saved to data/tcfd_report_pdf_chunks_matching_result_第四層/上海商銀_2022_300_50_matched_chunks.csv.
2025-06-08 00:14:18,799 - INFO - Starting processing for chunk_embeddings_元大金控_2021_300_50.csv...
2025-06-08 00:14:18,800 - INFO - Finished processing chunk_embeddings_上海商銀_2022_300_50.csv.
2025-06-08 00:14:20,550 - INFO - Successfully loaded 155 chunks from chunk_embeddings_元大金控_2021_300_50.csv
2025-06-08 00:14:20,791 - INFO - Results for chunk_embeddings_中輸銀行_2022_300_50.csv saved to data/tcfd_report_pdf_chunks_matching_result_第四層/中輸銀行_2022_300_50_matched_chunks.csv.
2025-06-08 00:14:20,794 - INFO - Starting processing for chunk_embeddings_元大金控_2022_300_50.csv...
2025-06-08 00:14:20,794 - INFO - Finished processing chunk_embeddings_中輸銀行_2022_300_50.csv.
2025-06-08 00:14:22,267 - INFO - Successfully loaded 199 chunks from chunk_embeddings_元大金控_2022_300_50.csv
2025-06-08 00:14:23,971 - INFO - Results for chunk_embeddings_中信金控_2022_300_50.csv saved to data/tcfd_report_pdf_chunks_matching_result_第四層/中信金控_2022_300_50_matched_chunks.csv.
2025-06-08 00:14:23,974 - INFO - Starting processing for chunk_embeddings_元大銀行_2022_300_50.csv...
2025-06-08 00:14:23,975 - INFO - Finished processing chunk_embeddings_中信金控_2022_300_50.csv.
2025-06-08 00:14:25,719 - INFO - Successfully loaded 177 chunks from chunk_embeddings_元大銀行_2022_300_50.csv
2025-06-08 00:14:25,735 - INFO - Results for chunk_embeddings_中信銀行_2022_300_50.csv saved to data/tcfd_report_pdf_chunks_matching_result_第四層/中信銀行_2022_300_50_matched_chunks.csv.
2025-06-08 00:14:25,737 - INFO - Starting processing for chunk_embeddings_北富銀_2022_300_50.csv...
2025-06-08 00:14:25,737 - INFO - Finished processing chunk_embeddings_中信銀行_2022_300_50.csv.
2025-06-08 00:14:26,887 - INFO - Successfully loaded 144 chunks from chunk_embeddings_北富銀_2022_300_50.csv
2025-06-08 00:14:29,914 - INFO - Results for chunk_embeddings_元大金控_2021_300_50.csv saved to data/tcfd_report_pdf_chunks_matching_result_第四層/元大金控_2021_300_50_matched_chunks.csv.
2025-06-08 00:14:29,917 - INFO - Starting processing for chunk_embeddings_台中銀行_2022_300_50.csv...
2025-06-08 00:14:29,917 - INFO - Finished processing chunk_embeddings_元大金控_2021_300_50.csv.
2025-06-08 00:14:30,973 - INFO - Successfully loaded 96 chunks from chunk_embeddings_台中銀行_2022_300_50.csv
2025-06-08 00:14:32,519 - INFO - Results for chunk_embeddings_北富銀_2022_300_50.csv saved to data/tcfd_report_pdf_chunks_matching_result_第四層/北富銀_2022_300_50_matched_chunks.csv.
2025-06-08 00:14:32,521 - INFO - Starting processing for chunk_embeddings_台新金控_2022_300_50.csv...
2025-06-08 00:14:32,522 - INFO - Finished processing chunk_embeddings_北富銀_2022_300_50.csv.
2025-06-08 00:14:35,240 - INFO - Successfully loaded 162 chunks from chunk_embeddings_台新金控_2022_300_50.csv
2025-06-08 00:14:36,062 - INFO - Results for chunk_embeddings_元大金控_2022_300_50.csv saved to data/tcfd_report_pdf_chunks_matching_result_第四層/元大金控_2022_300_50_matched_chunks.csv.
2025-06-08 00:14:36,065 - INFO - Starting processing for chunk_embeddings_台新銀行_2022_300_50.csv...
2025-06-08 00:14:36,066 - INFO - Finished processing chunk_embeddings_元大金控_2022_300_50.csv.
2025-06-08 00:14:36,765 - INFO - Successfully loaded 73 chunks from chunk_embeddings_台新銀行_2022_300_50.csv
2025-06-08 00:14:40,708 - INFO - Results for chunk_embeddings_台中銀行_2022_300_50.csv saved to data/tcfd_report_pdf_chunks_matching_result_第四層/台中銀行_2022_300_50_matched_chunks.csv.
2025-06-08 00:14:40,711 - INFO - Starting processing for chunk_embeddings_台灣企銀_2021_300_50.csv...
2025-06-08 00:14:40,715 - INFO - Finished processing chunk_embeddings_台中銀行_2022_300_50.csv.
2025-06-08 00:14:40,725 - INFO - Results for chunk_embeddings_台新銀行_2022_300_50.csv saved to data/tcfd_report_pdf_chunks_matching_result_第四層/台新銀行_2022_300_50_matched_chunks.csv.
2025-06-08 00:14:40,731 - INFO - Starting processing for chunk_embeddings_台灣企銀_2022_300_50.csv...
2025-06-08 00:14:40,737 - INFO - Finished processing chunk_embeddings_台新銀行_2022_300_50.csv.
2025-06-08 00:14:40,787 - INFO - Results for chunk_embeddings_元大銀行_2022_300_50.csv saved to data/tcfd_report_pdf_chunks_matching_result_第四層/元大銀行_2022_300_50_matched_chunks.csv.
2025-06-08 00:14:40,793 - INFO - Starting processing for chunk_embeddings_永豐金控_2022_300_50.csv...
2025-06-08 00:14:40,797 - INFO - Finished processing chunk_embeddings_元大銀行_2022_300_50.csv.
2025-06-08 00:14:41,708 - INFO - Successfully loaded 55 chunks from chunk_embeddings_台灣企銀_2021_300_50.csv
2025-06-08 00:14:42,059 - INFO - Results for chunk_embeddings_台新金控_2022_300_50.csv saved to data/tcfd_report_pdf_chunks_matching_result_第四層/台新金控_2022_300_50_matched_chunks.csv.
2025-06-08 00:14:42,107 - INFO - Finished processing chunk_embeddings_台新金控_2022_300_50.csv.
2025-06-08 00:14:43,215 - INFO - Successfully loaded 129 chunks from chunk_embeddings_台灣企銀_2022_300_50.csv
2025-06-08 00:14:45,778 - INFO - Successfully loaded 311 chunks from chunk_embeddings_永豐金控_2022_300_50.csv
2025-06-08 00:14:46,810 - INFO - Results for chunk_embeddings_台灣企銀_2021_300_50.csv saved to data/tcfd_report_pdf_chunks_matching_result_第四層/台灣企銀_2021_300_50_matched_chunks.csv.
2025-06-08 00:14:46,811 - INFO - Finished processing chunk_embeddings_台灣企銀_2021_300_50.csv.
2025-06-08 00:14:47,583 - INFO - Results for chunk_embeddings_台灣企銀_2022_300_50.csv saved to data/tcfd_report_pdf_chunks_matching_result_第四層/台灣企銀_2022_300_50_matched_chunks.csv.
2025-06-08 00:14:47,584 - INFO - Finished processing chunk_embeddings_台灣企銀_2022_300_50.csv.
2025-06-08 00:14:48,528 - INFO - Results for chunk_embeddings_永豐金控_2022_300_50.csv saved to data/tcfd_report_pdf_chunks_matching_result_第四層/永豐金控_2022_300_50_matched_chunks.csv.
2025-06-08 00:14:48,530 - INFO - Finished processing chunk_embeddings_永豐金控_2022_300_50.csv.
2025-06-08 00:14:48,532 - INFO - All chunk CSV processing tasks completed.
2025-06-08 15:03:12,625 - INFO - Initialized embedding model: text-embedding-ada-002
2025-06-08 15:03:12,651 - INFO - Anonymized telemetry enabled. See                     https://docs.trychroma.com/telemetry for more information.
2025-06-08 15:03:12,820 - INFO - Initialized Chroma database at chroma
2025-06-08 15:03:12,821 - INFO - Found 1 chunk CSV files to process. Starting parallel execution...
2025-06-08 15:03:12,821 - INFO - Starting processing for chunk_embeddings_元大金控_2022_300_50.csv...
2025-06-08 15:03:13,985 - INFO - Successfully loaded 199 chunks from chunk_embeddings_元大金控_2022_300_50.csv
2025-06-08 15:03:14,875 - INFO - Results for chunk_embeddings_元大金控_2022_300_50.csv saved to data/tcfd_report_pdf_chunks_matching_result_第四層/元大金控_2022_300_50_matched_chunks.csv.
2025-06-08 15:03:14,877 - INFO - Finished processing chunk_embeddings_元大金控_2022_300_50.csv.
2025-06-08 15:03:14,877 - INFO - All chunk CSV processing tasks completed.
2025-06-08 15:19:28,615 - INFO - Initialized embedding model: text-embedding-ada-002
2025-06-08 15:19:28,640 - INFO - Anonymized telemetry enabled. See                     https://docs.trychroma.com/telemetry for more information.
2025-06-08 15:19:28,835 - INFO - Initialized Chroma database at chroma
2025-06-08 15:19:28,836 - INFO - Found 1 chunk CSV files to process. Starting parallel execution...
2025-06-08 15:19:28,836 - INFO - Starting processing for chunk_embeddings_元大金控_2022_300_50.csv...
2025-06-08 15:19:30,006 - INFO - Successfully loaded 199 chunks from chunk_embeddings_元大金控_2022_300_50.csv
2025-06-08 15:19:30,938 - INFO - Results for chunk_embeddings_元大金控_2022_300_50.csv saved to data/tcfd_report_pdf_chunks_matching_result_第四層/元大金控_2022_300_50_matched_chunks.csv.
2025-06-08 15:19:30,939 - INFO - Finished processing chunk_embeddings_元大金控_2022_300_50.csv.
2025-06-08 15:19:30,939 - INFO - All chunk CSV processing tasks completed.
2025-06-08 19:39:29,866 - INFO - Initialized embedding model: text-embedding-ada-002
2025-06-08 19:39:29,890 - INFO - Anonymized telemetry enabled. See                     https://docs.trychroma.com/telemetry for more information.
2025-06-08 19:39:30,054 - INFO - Initialized Chroma database at chroma
2025-06-08 19:39:30,055 - INFO - Found 1 chunk CSV files to process. Starting parallel execution...
2025-06-08 19:39:30,056 - INFO - Starting processing for chunk_embeddings_上海商銀_2022_300_50.csv...
2025-06-08 19:39:30,762 - INFO - Successfully loaded 127 chunks from chunk_embeddings_上海商銀_2022_300_50.csv
2025-06-08 19:39:31,479 - INFO - Results for chunk_embeddings_上海商銀_2022_300_50.csv saved to data/tcfd_report_pdf_chunks_matching_result_第四層/上海商銀_2022_300_50_matched_chunks.csv.
2025-06-08 19:39:31,481 - INFO - Finished processing chunk_embeddings_上海商銀_2022_300_50.csv.
2025-06-08 19:39:31,481 - INFO - All chunk CSV processing tasks completed.
2025-06-08 21:18:00,499 - INFO - Initialized embedding model: text-embedding-ada-002
2025-06-08 21:18:00,517 - INFO - Anonymized telemetry enabled. See                     https://docs.trychroma.com/telemetry for more information.
2025-06-08 21:18:00,678 - INFO - Initialized Chroma database at chroma
2025-06-08 21:18:00,679 - INFO - Found 3 chunk CSV files to process. Starting parallel execution...
2025-06-08 21:18:00,680 - INFO - Starting processing for chunk_embeddings_合庫金控_2023_500_50.csv...
2025-06-08 21:18:00,680 - INFO - Starting processing for chunk_embeddings_富邦金控_2023_500_50.csv...
2025-06-08 21:18:00,681 - INFO - Starting processing for chunk_embeddings_永豐金控_2023_500_50.csv...
2025-06-08 21:18:01,752 - INFO - Successfully loaded 95 chunks from chunk_embeddings_合庫金控_2023_500_50.csv
2025-06-08 21:18:02,050 - INFO - Successfully loaded 122 chunks from chunk_embeddings_富邦金控_2023_500_50.csv
2025-06-08 21:18:03,236 - INFO - Successfully loaded 248 chunks from chunk_embeddings_永豐金控_2023_500_50.csv
2025-06-08 21:18:05,469 - INFO - Results for chunk_embeddings_合庫金控_2023_500_50.csv saved to data/tcfd_report_pdf_chunks_matching_result_第四層/合庫金控_2023_500_50_matched_chunks.csv.
2025-06-08 21:18:05,471 - INFO - Finished processing chunk_embeddings_合庫金控_2023_500_50.csv.
2025-06-08 21:18:05,787 - INFO - Results for chunk_embeddings_富邦金控_2023_500_50.csv saved to data/tcfd_report_pdf_chunks_matching_result_第四層/富邦金控_2023_500_50_matched_chunks.csv.
2025-06-08 21:18:05,789 - INFO - Finished processing chunk_embeddings_富邦金控_2023_500_50.csv.
2025-06-08 21:18:06,557 - INFO - Results for chunk_embeddings_永豐金控_2023_500_50.csv saved to data/tcfd_report_pdf_chunks_matching_result_第四層/永豐金控_2023_500_50_matched_chunks.csv.
2025-06-08 21:18:06,560 - INFO - Finished processing chunk_embeddings_永豐金控_2023_500_50.csv.
2025-06-08 21:18:06,561 - INFO - All chunk CSV processing tasks completed.
